{"/home/ubuntu/workspace/spec/persistence-spec.js":{"path":"/home/ubuntu/workspace/spec/persistence-spec.js","s":{"1":1,"2":1,"3":1,"4":0,"5":0,"6":0,"7":0,"8":0,"9":0,"10":0,"11":0,"12":0,"13":0,"14":0,"15":0,"16":0,"17":0,"18":0,"19":0,"20":0,"21":0,"22":0,"23":0,"24":0,"25":0,"26":0,"27":0,"28":0,"29":0,"30":0,"31":0,"32":0,"33":0,"34":0,"35":0,"36":0,"37":0,"38":0,"39":0,"40":0,"41":0,"42":0,"43":0,"44":0,"45":0,"46":0,"47":0,"48":0,"49":0,"50":0,"51":0,"52":0,"53":0,"54":0,"55":0,"56":0,"57":0,"58":0,"59":0,"60":0,"61":0,"62":0,"63":0,"64":0,"65":0,"66":0,"67":0,"68":0,"69":0,"70":0,"71":0,"72":0,"73":0,"74":0,"75":0,"76":0,"77":0,"78":0,"79":0,"80":0,"81":0,"82":0,"83":0,"84":0,"85":0,"86":0,"87":0,"88":0,"89":0,"90":0,"91":0,"92":0,"93":0,"94":0,"95":0,"96":0,"97":0,"98":0,"99":0,"100":0,"101":0,"102":0,"103":0,"104":0,"105":0,"106":0,"107":0,"108":0,"109":0},"b":{"1":[0,0],"2":[0,0],"3":[0,0],"4":[0,0],"5":[0,0],"6":[0,0],"7":[0,0],"8":[0,0],"9":[0,0],"10":[0,0],"11":[0,0],"12":[0,0],"13":[0,0],"14":[0,0],"15":[0,0],"16":[0,0],"17":[0,0],"18":[0,0]},"f":{},"fnMap":{},"statementMap":{"1":{"start":{"line":6,"column":0},"end":{"line":6,"column":54},"skip":true},"2":{"start":{"line":7,"column":0},"end":{"line":7,"column":43}},"3":{"start":{"line":9,"column":0},"end":{"line":99,"column":2}},"4":{"start":{"line":10,"column":1},"end":{"line":29,"column":3}},"5":{"start":{"line":11,"column":2},"end":{"line":28,"column":4}},"6":{"start":{"line":12,"column":3},"end":{"line":12,"column":36}},"7":{"start":{"line":12,"column":12},"end":{"line":12,"column":36}},"8":{"start":{"line":13,"column":3},"end":{"line":18,"column":4}},"9":{"start":{"line":19,"column":3},"end":{"line":26,"column":5}},"10":{"start":{"line":20,"column":4},"end":{"line":20,"column":37}},"11":{"start":{"line":20,"column":13},"end":{"line":20,"column":37}},"12":{"start":{"line":21,"column":5},"end":{"line":25,"column":6}},"13":{"start":{"line":22,"column":5},"end":{"line":22,"column":38}},"14":{"start":{"line":22,"column":14},"end":{"line":22,"column":38}},"15":{"start":{"line":23,"column":5},"end":{"line":23,"column":26}},"16":{"start":{"line":24,"column":5},"end":{"line":24,"column":11}},"17":{"start":{"line":31,"column":1},"end":{"line":49,"column":3}},"18":{"start":{"line":32,"column":2},"end":{"line":48,"column":4}},"19":{"start":{"line":33,"column":3},"end":{"line":47,"column":5}},"20":{"start":{"line":34,"column":4},"end":{"line":38,"column":6}},"21":{"start":{"line":35,"column":5},"end":{"line":35,"column":38}},"22":{"start":{"line":35,"column":14},"end":{"line":35,"column":38}},"23":{"start":{"line":36,"column":5},"end":{"line":36,"column":26}},"24":{"start":{"line":37,"column":5},"end":{"line":37,"column":11}},"25":{"start":{"line":42,"column":4},"end":{"line":45,"column":5}},"26":{"start":{"line":43,"column":5},"end":{"line":43,"column":22}},"27":{"start":{"line":44,"column":5},"end":{"line":44,"column":29}},"28":{"start":{"line":46,"column":4},"end":{"line":46,"column":10}},"29":{"start":{"line":51,"column":1},"end":{"line":75,"column":3}},"30":{"start":{"line":52,"column":2},"end":{"line":74,"column":4}},"31":{"start":{"line":53,"column":3},"end":{"line":58,"column":4}},"32":{"start":{"line":59,"column":3},"end":{"line":73,"column":5}},"33":{"start":{"line":60,"column":4},"end":{"line":64,"column":6}},"34":{"start":{"line":61,"column":5},"end":{"line":61,"column":38}},"35":{"start":{"line":61,"column":14},"end":{"line":61,"column":38}},"36":{"start":{"line":62,"column":5},"end":{"line":62,"column":26}},"37":{"start":{"line":63,"column":5},"end":{"line":63,"column":11}},"38":{"start":{"line":68,"column":4},"end":{"line":71,"column":5}},"39":{"start":{"line":69,"column":5},"end":{"line":69,"column":22}},"40":{"start":{"line":70,"column":5},"end":{"line":70,"column":29}},"41":{"start":{"line":72,"column":4},"end":{"line":72,"column":10}},"42":{"start":{"line":77,"column":1},"end":{"line":96,"column":3}},"43":{"start":{"line":78,"column":2},"end":{"line":95,"column":4}},"44":{"start":{"line":79,"column":3},"end":{"line":79,"column":19}},"45":{"start":{"line":80,"column":3},"end":{"line":94,"column":5}},"46":{"start":{"line":81,"column":4},"end":{"line":85,"column":6}},"47":{"start":{"line":82,"column":5},"end":{"line":82,"column":38}},"48":{"start":{"line":82,"column":14},"end":{"line":82,"column":38}},"49":{"start":{"line":83,"column":5},"end":{"line":83,"column":26}},"50":{"start":{"line":84,"column":5},"end":{"line":84,"column":11}},"51":{"start":{"line":89,"column":4},"end":{"line":92,"column":5}},"52":{"start":{"line":90,"column":5},"end":{"line":90,"column":22}},"53":{"start":{"line":91,"column":5},"end":{"line":91,"column":29}},"54":{"start":{"line":93,"column":4},"end":{"line":93,"column":10}},"55":{"start":{"line":100,"column":0},"end":{"line":100,"column":12}},"56":{"start":{"line":104,"column":0},"end":{"line":104,"column":51},"skip":true},"57":{"start":{"line":105,"column":0},"end":{"line":105,"column":51}},"58":{"start":{"line":107,"column":0},"end":{"line":216,"column":2}},"59":{"start":{"line":108,"column":1},"end":{"line":127,"column":3}},"60":{"start":{"line":109,"column":2},"end":{"line":126,"column":4}},"61":{"start":{"line":110,"column":3},"end":{"line":110,"column":36}},"62":{"start":{"line":110,"column":12},"end":{"line":110,"column":36}},"63":{"start":{"line":111,"column":3},"end":{"line":116,"column":4}},"64":{"start":{"line":117,"column":3},"end":{"line":124,"column":5}},"65":{"start":{"line":118,"column":4},"end":{"line":118,"column":37}},"66":{"start":{"line":118,"column":13},"end":{"line":118,"column":37}},"67":{"start":{"line":119,"column":5},"end":{"line":123,"column":6}},"68":{"start":{"line":120,"column":5},"end":{"line":120,"column":38}},"69":{"start":{"line":120,"column":14},"end":{"line":120,"column":38}},"70":{"start":{"line":121,"column":5},"end":{"line":121,"column":26}},"71":{"start":{"line":122,"column":5},"end":{"line":122,"column":11}},"72":{"start":{"line":129,"column":1},"end":{"line":147,"column":3}},"73":{"start":{"line":130,"column":2},"end":{"line":146,"column":4}},"74":{"start":{"line":131,"column":3},"end":{"line":145,"column":5}},"75":{"start":{"line":132,"column":4},"end":{"line":136,"column":6}},"76":{"start":{"line":133,"column":5},"end":{"line":133,"column":38}},"77":{"start":{"line":133,"column":14},"end":{"line":133,"column":38}},"78":{"start":{"line":134,"column":5},"end":{"line":134,"column":26}},"79":{"start":{"line":135,"column":5},"end":{"line":135,"column":11}},"80":{"start":{"line":140,"column":4},"end":{"line":143,"column":5}},"81":{"start":{"line":141,"column":5},"end":{"line":141,"column":22}},"82":{"start":{"line":142,"column":5},"end":{"line":142,"column":29}},"83":{"start":{"line":144,"column":4},"end":{"line":144,"column":10}},"84":{"start":{"line":149,"column":1},"end":{"line":173,"column":3}},"85":{"start":{"line":150,"column":2},"end":{"line":172,"column":4}},"86":{"start":{"line":151,"column":3},"end":{"line":156,"column":4}},"87":{"start":{"line":157,"column":3},"end":{"line":171,"column":5}},"88":{"start":{"line":158,"column":4},"end":{"line":162,"column":6}},"89":{"start":{"line":159,"column":5},"end":{"line":159,"column":38}},"90":{"start":{"line":159,"column":14},"end":{"line":159,"column":38}},"91":{"start":{"line":160,"column":5},"end":{"line":160,"column":26}},"92":{"start":{"line":161,"column":5},"end":{"line":161,"column":11}},"93":{"start":{"line":166,"column":4},"end":{"line":169,"column":5}},"94":{"start":{"line":167,"column":5},"end":{"line":167,"column":22}},"95":{"start":{"line":168,"column":5},"end":{"line":168,"column":29}},"96":{"start":{"line":170,"column":4},"end":{"line":170,"column":10}},"97":{"start":{"line":175,"column":1},"end":{"line":194,"column":3}},"98":{"start":{"line":176,"column":2},"end":{"line":193,"column":4}},"99":{"start":{"line":177,"column":3},"end":{"line":177,"column":26}},"100":{"start":{"line":178,"column":3},"end":{"line":192,"column":5}},"101":{"start":{"line":179,"column":4},"end":{"line":183,"column":6}},"102":{"start":{"line":180,"column":5},"end":{"line":180,"column":38}},"103":{"start":{"line":180,"column":14},"end":{"line":180,"column":38}},"104":{"start":{"line":181,"column":5},"end":{"line":181,"column":26}},"105":{"start":{"line":182,"column":5},"end":{"line":182,"column":11}},"106":{"start":{"line":187,"column":4},"end":{"line":190,"column":5}},"107":{"start":{"line":188,"column":5},"end":{"line":188,"column":22}},"108":{"start":{"line":189,"column":5},"end":{"line":189,"column":29}},"109":{"start":{"line":191,"column":4},"end":{"line":191,"column":10}}},"branchMap":{"1":{"line":12,"type":"if","locations":[{"start":{"line":12,"column":3},"end":{"line":12,"column":3}},{"start":{"line":12,"column":3},"end":{"line":12,"column":3}}]},"2":{"line":20,"type":"if","locations":[{"start":{"line":20,"column":4},"end":{"line":20,"column":4}},{"start":{"line":20,"column":4},"end":{"line":20,"column":4}}]},"3":{"line":22,"type":"if","locations":[{"start":{"line":22,"column":5},"end":{"line":22,"column":5}},{"start":{"line":22,"column":5},"end":{"line":22,"column":5}}]},"4":{"line":35,"type":"if","locations":[{"start":{"line":35,"column":5},"end":{"line":35,"column":5}},{"start":{"line":35,"column":5},"end":{"line":35,"column":5}}]},"5":{"line":42,"type":"if","locations":[{"start":{"line":42,"column":4},"end":{"line":42,"column":4}},{"start":{"line":42,"column":4},"end":{"line":42,"column":4}}]},"6":{"line":61,"type":"if","locations":[{"start":{"line":61,"column":5},"end":{"line":61,"column":5}},{"start":{"line":61,"column":5},"end":{"line":61,"column":5}}]},"7":{"line":68,"type":"if","locations":[{"start":{"line":68,"column":4},"end":{"line":68,"column":4}},{"start":{"line":68,"column":4},"end":{"line":68,"column":4}}]},"8":{"line":82,"type":"if","locations":[{"start":{"line":82,"column":5},"end":{"line":82,"column":5}},{"start":{"line":82,"column":5},"end":{"line":82,"column":5}}]},"9":{"line":89,"type":"if","locations":[{"start":{"line":89,"column":4},"end":{"line":89,"column":4}},{"start":{"line":89,"column":4},"end":{"line":89,"column":4}}]},"10":{"line":110,"type":"if","locations":[{"start":{"line":110,"column":3},"end":{"line":110,"column":3}},{"start":{"line":110,"column":3},"end":{"line":110,"column":3}}]},"11":{"line":118,"type":"if","locations":[{"start":{"line":118,"column":4},"end":{"line":118,"column":4}},{"start":{"line":118,"column":4},"end":{"line":118,"column":4}}]},"12":{"line":120,"type":"if","locations":[{"start":{"line":120,"column":5},"end":{"line":120,"column":5}},{"start":{"line":120,"column":5},"end":{"line":120,"column":5}}]},"13":{"line":133,"type":"if","locations":[{"start":{"line":133,"column":5},"end":{"line":133,"column":5}},{"start":{"line":133,"column":5},"end":{"line":133,"column":5}}]},"14":{"line":140,"type":"if","locations":[{"start":{"line":140,"column":4},"end":{"line":140,"column":4}},{"start":{"line":140,"column":4},"end":{"line":140,"column":4}}]},"15":{"line":159,"type":"if","locations":[{"start":{"line":159,"column":5},"end":{"line":159,"column":5}},{"start":{"line":159,"column":5},"end":{"line":159,"column":5}}]},"16":{"line":166,"type":"if","locations":[{"start":{"line":166,"column":4},"end":{"line":166,"column":4}},{"start":{"line":166,"column":4},"end":{"line":166,"column":4}}]},"17":{"line":180,"type":"if","locations":[{"start":{"line":180,"column":5},"end":{"line":180,"column":5}},{"start":{"line":180,"column":5},"end":{"line":180,"column":5}}]},"18":{"line":187,"type":"if","locations":[{"start":{"line":187,"column":4},"end":{"line":187,"column":4}},{"start":{"line":187,"column":4},"end":{"line":187,"column":4}}]}}},"/home/ubuntu/workspace/modules/persistence.js":{"path":"/home/ubuntu/workspace/modules/persistence.js","s":{"1":1,"2":1,"3":1,"4":0,"5":0,"6":0,"7":0,"8":0,"9":1,"10":0,"11":0,"12":0,"13":0,"14":0,"15":0,"16":0,"17":1,"18":0,"19":0,"20":0,"21":0,"22":0,"23":0,"24":1,"25":0,"26":0,"27":0,"28":0,"29":0,"30":0,"31":1,"32":0,"33":0,"34":0,"35":0,"36":0,"37":0,"38":0,"39":0,"40":1,"41":0,"42":0,"43":0,"44":0,"45":1,"46":1,"47":0,"48":0,"49":0,"50":0,"51":0,"52":0},"b":{"1":[0,0],"2":[0,0],"3":[0,0],"4":[0,0],"5":[0,0],"6":[0,0],"7":[0,0],"8":[0,0],"9":[0,0],"10":[0,0],"11":[0,0]},"f":{},"fnMap":{},"statementMap":{"1":{"start":{"line":4,"column":0},"end":{"line":4,"column":43}},"2":{"start":{"line":8,"column":0},"end":{"line":15,"column":2}},"3":{"start":{"line":9,"column":1},"end":{"line":14,"column":3}},"4":{"start":{"line":10,"column":2},"end":{"line":10,"column":46}},"5":{"start":{"line":10,"column":11},"end":{"line":10,"column":46}},"6":{"start":{"line":11,"column":2},"end":{"line":11,"column":38}},"7":{"start":{"line":11,"column":22},"end":{"line":11,"column":38}},"8":{"start":{"line":12,"column":2},"end":{"line":12,"column":33}},"9":{"start":{"line":19,"column":0},"end":{"line":25,"column":3}},"10":{"start":{"line":19,"column":34},"end":{"line":25,"column":2}},"11":{"start":{"line":20,"column":1},"end":{"line":24,"column":5}},"12":{"start":{"line":21,"column":2},"end":{"line":21,"column":46}},"13":{"start":{"line":21,"column":11},"end":{"line":21,"column":46}},"14":{"start":{"line":22,"column":2},"end":{"line":22,"column":38}},"15":{"start":{"line":22,"column":22},"end":{"line":22,"column":38}},"16":{"start":{"line":23,"column":2},"end":{"line":23,"column":43}},"17":{"start":{"line":31,"column":0},"end":{"line":40,"column":3}},"18":{"start":{"line":31,"column":35},"end":{"line":40,"column":2}},"19":{"start":{"line":32,"column":1},"end":{"line":32,"column":45}},"20":{"start":{"line":34,"column":1},"end":{"line":39,"column":3}},"21":{"start":{"line":35,"column":2},"end":{"line":37,"column":3}},"22":{"start":{"line":36,"column":3},"end":{"line":36,"column":53}},"23":{"start":{"line":38,"column":2},"end":{"line":38,"column":64}},"24":{"start":{"line":48,"column":0},"end":{"line":59,"column":3}},"25":{"start":{"line":48,"column":50},"end":{"line":59,"column":3}},"26":{"start":{"line":49,"column":1},"end":{"line":56,"column":3}},"27":{"start":{"line":50,"column":2},"end":{"line":54,"column":3}},"28":{"start":{"line":51,"column":3},"end":{"line":51,"column":19}},"29":{"start":{"line":52,"column":3},"end":{"line":52,"column":53}},"30":{"start":{"line":55,"column":2},"end":{"line":55,"column":59}},"31":{"start":{"line":74,"column":0},"end":{"line":83,"column":2}},"32":{"start":{"line":74,"column":37},"end":{"line":83,"column":2}},"33":{"start":{"line":75,"column":1},"end":{"line":75,"column":41}},"34":{"start":{"line":76,"column":1},"end":{"line":82,"column":3}},"35":{"start":{"line":77,"column":2},"end":{"line":77,"column":20}},"36":{"start":{"line":78,"column":2},"end":{"line":78,"column":18}},"37":{"start":{"line":80,"column":2},"end":{"line":80,"column":29}},"38":{"start":{"line":80,"column":11},"end":{"line":80,"column":29}},"39":{"start":{"line":81,"column":2},"end":{"line":81,"column":54}},"40":{"start":{"line":86,"column":0},"end":{"line":94,"column":1}},"41":{"start":{"line":87,"column":1},"end":{"line":93,"column":3}},"42":{"start":{"line":88,"column":2},"end":{"line":91,"column":3}},"43":{"start":{"line":89,"column":3},"end":{"line":89,"column":16}},"44":{"start":{"line":92,"column":2},"end":{"line":92,"column":23}},"45":{"start":{"line":97,"column":0},"end":{"line":104,"column":2}},"46":{"start":{"line":98,"column":1},"end":{"line":103,"column":5}},"47":{"start":{"line":99,"column":2},"end":{"line":99,"column":46}},"48":{"start":{"line":99,"column":11},"end":{"line":99,"column":46}},"49":{"start":{"line":100,"column":2},"end":{"line":100,"column":64}},"50":{"start":{"line":100,"column":23},"end":{"line":100,"column":64}},"51":{"start":{"line":101,"column":2},"end":{"line":101,"column":48}},"52":{"start":{"line":101,"column":31},"end":{"line":101,"column":48}}},"branchMap":{"1":{"line":10,"type":"if","locations":[{"start":{"line":10,"column":2},"end":{"line":10,"column":2}},{"start":{"line":10,"column":2},"end":{"line":10,"column":2}}]},"2":{"line":11,"type":"if","locations":[{"start":{"line":11,"column":2},"end":{"line":11,"column":2}},{"start":{"line":11,"column":2},"end":{"line":11,"column":2}}]},"3":{"line":21,"type":"if","locations":[{"start":{"line":21,"column":2},"end":{"line":21,"column":2}},{"start":{"line":21,"column":2},"end":{"line":21,"column":2}}]},"4":{"line":22,"type":"if","locations":[{"start":{"line":22,"column":2},"end":{"line":22,"column":2}},{"start":{"line":22,"column":2},"end":{"line":22,"column":2}}]},"5":{"line":35,"type":"if","locations":[{"start":{"line":35,"column":2},"end":{"line":35,"column":2}},{"start":{"line":35,"column":2},"end":{"line":35,"column":2}}]},"6":{"line":50,"type":"if","locations":[{"start":{"line":50,"column":2},"end":{"line":50,"column":2}},{"start":{"line":50,"column":2},"end":{"line":50,"column":2}}]},"7":{"line":80,"type":"if","locations":[{"start":{"line":80,"column":2},"end":{"line":80,"column":2}},{"start":{"line":80,"column":2},"end":{"line":80,"column":2}}]},"8":{"line":88,"type":"if","locations":[{"start":{"line":88,"column":2},"end":{"line":88,"column":2}},{"start":{"line":88,"column":2},"end":{"line":88,"column":2}}]},"9":{"line":99,"type":"if","locations":[{"start":{"line":99,"column":2},"end":{"line":99,"column":2}},{"start":{"line":99,"column":2},"end":{"line":99,"column":2}}]},"10":{"line":100,"type":"if","locations":[{"start":{"line":100,"column":2},"end":{"line":100,"column":2}},{"start":{"line":100,"column":2},"end":{"line":100,"column":2}}]},"11":{"line":101,"type":"if","locations":[{"start":{"line":101,"column":2},"end":{"line":101,"column":2}},{"start":{"line":101,"column":2},"end":{"line":101,"column":2}}]}}},"/home/ubuntu/workspace/schema/schema.js":{"path":"/home/ubuntu/workspace/schema/schema.js","s":{"1":1,"2":1,"3":1,"4":1,"5":1,"6":1,"7":1},"b":{},"f":{},"fnMap":{},"statementMap":{"1":{"start":{"line":4,"column":0},"end":{"line":4,"column":36}},"2":{"start":{"line":7,"column":0},"end":{"line":10,"column":1}},"3":{"start":{"line":13,"column":0},"end":{"line":14,"column":2}},"4":{"start":{"line":15,"column":0},"end":{"line":15,"column":33}},"5":{"start":{"line":16,"column":0},"end":{"line":16,"column":30}},"6":{"start":{"line":19,"column":0},"end":{"line":31,"column":2}},"7":{"start":{"line":34,"column":0},"end":{"line":34,"column":55}}},"branchMap":{}}}