{"/home/ubuntu/workspace/spec/location-spec.js":{"path":"/home/ubuntu/workspace/spec/location-spec.js","s":{"1":1,"2":1,"3":0,"4":0,"5":0,"6":0,"7":0,"8":0,"9":0,"10":0,"11":0},"b":{"1":[0,0],"2":[0,0]},"f":{},"fnMap":{},"statementMap":{"1":{"start":{"line":5,"column":0},"end":{"line":5,"column":48},"skip":true},"2":{"start":{"line":7,"column":0},"end":{"line":21,"column":2}},"3":{"start":{"line":8,"column":2},"end":{"line":20,"column":4}},"4":{"start":{"line":9,"column":3},"end":{"line":19,"column":5}},"5":{"start":{"line":10,"column":7},"end":{"line":10,"column":40}},"6":{"start":{"line":10,"column":16},"end":{"line":10,"column":40}},"7":{"start":{"line":11,"column":7},"end":{"line":11,"column":13}},"8":{"start":{"line":14,"column":4},"end":{"line":17,"column":5}},"9":{"start":{"line":15,"column":5},"end":{"line":15,"column":22}},"10":{"start":{"line":16,"column":5},"end":{"line":16,"column":29}},"11":{"start":{"line":18,"column":4},"end":{"line":18,"column":10}}},"branchMap":{"1":{"line":10,"type":"if","locations":[{"start":{"line":10,"column":7},"end":{"line":10,"column":7}},{"start":{"line":10,"column":7},"end":{"line":10,"column":7}}]},"2":{"line":14,"type":"if","locations":[{"start":{"line":14,"column":4},"end":{"line":14,"column":4}},{"start":{"line":14,"column":4},"end":{"line":14,"column":4}}]}}},"/home/ubuntu/workspace/modules/location.js":{"path":"/home/ubuntu/workspace/modules/location.js","s":{"1":1,"2":1,"3":0,"4":0,"5":0,"6":0,"7":0,"8":0,"9":0,"10":0,"11":0,"12":0,"13":1,"14":0,"15":0,"16":0,"17":0,"18":0,"19":0,"20":0,"21":0,"22":0,"23":0,"24":0,"25":1,"26":0,"27":0,"28":0,"29":0,"30":0,"31":0,"32":0,"33":0,"34":0,"35":0,"36":0},"b":{"1":[0,0],"2":[0,0],"3":[0,0],"4":[0,0],"5":[0,0],"6":[0,0]},"f":{},"fnMap":{},"statementMap":{"1":{"start":{"line":3,"column":0},"end":{"line":3,"column":35}},"2":{"start":{"line":6,"column":0},"end":{"line":31,"column":2}},"3":{"start":{"line":6,"column":34},"end":{"line":31,"column":2}},"4":{"start":{"line":8,"column":1},"end":{"line":8,"column":147}},"5":{"start":{"line":11,"column":1},"end":{"line":27,"column":4}},"6":{"start":{"line":13,"column":2},"end":{"line":13,"column":61}},"7":{"start":{"line":13,"column":11},"end":{"line":13,"column":61}},"8":{"start":{"line":15,"column":2},"end":{"line":15,"column":32}},"9":{"start":{"line":18,"column":2},"end":{"line":18,"column":32}},"10":{"start":{"line":20,"column":2},"end":{"line":23,"column":3}},"11":{"start":{"line":21,"column":3},"end":{"line":21,"column":37}},"12":{"start":{"line":25,"column":2},"end":{"line":25,"column":16}},"13":{"start":{"line":34,"column":0},"end":{"line":58,"column":2}},"14":{"start":{"line":34,"column":66},"end":{"line":58,"column":2}},"15":{"start":{"line":36,"column":1},"end":{"line":36,"column":189}},"16":{"start":{"line":37,"column":1},"end":{"line":37,"column":18}},"17":{"start":{"line":39,"column":1},"end":{"line":54,"column":4}},"18":{"start":{"line":41,"column":2},"end":{"line":43,"column":3}},"19":{"start":{"line":42,"column":3},"end":{"line":42,"column":44}},"20":{"start":{"line":44,"column":2},"end":{"line":44,"column":32}},"21":{"start":{"line":46,"column":2},"end":{"line":49,"column":3}},"22":{"start":{"line":47,"column":3},"end":{"line":47,"column":37}},"23":{"start":{"line":50,"column":2},"end":{"line":50,"column":45}},"24":{"start":{"line":52,"column":2},"end":{"line":52,"column":16}},"25":{"start":{"line":61,"column":0},"end":{"line":93,"column":2}},"26":{"start":{"line":61,"column":67},"end":{"line":93,"column":2}},"27":{"start":{"line":63,"column":1},"end":{"line":63,"column":124}},"28":{"start":{"line":64,"column":1},"end":{"line":64,"column":18}},"29":{"start":{"line":66,"column":1},"end":{"line":89,"column":4}},"30":{"start":{"line":69,"column":2},"end":{"line":71,"column":3}},"31":{"start":{"line":70,"column":3},"end":{"line":70,"column":44}},"32":{"start":{"line":73,"column":2},"end":{"line":73,"column":32}},"33":{"start":{"line":76,"column":2},"end":{"line":79,"column":3}},"34":{"start":{"line":77,"column":3},"end":{"line":77,"column":37}},"35":{"start":{"line":81,"column":2},"end":{"line":81,"column":45}},"36":{"start":{"line":87,"column":2},"end":{"line":87,"column":16}}},"branchMap":{"1":{"line":13,"type":"if","locations":[{"start":{"line":13,"column":2},"end":{"line":13,"column":2}},{"start":{"line":13,"column":2},"end":{"line":13,"column":2}}]},"2":{"line":20,"type":"if","locations":[{"start":{"line":20,"column":2},"end":{"line":20,"column":2}},{"start":{"line":20,"column":2},"end":{"line":20,"column":2}}]},"3":{"line":41,"type":"if","locations":[{"start":{"line":41,"column":2},"end":{"line":41,"column":2}},{"start":{"line":41,"column":2},"end":{"line":41,"column":2}}]},"4":{"line":46,"type":"if","locations":[{"start":{"line":46,"column":2},"end":{"line":46,"column":2}},{"start":{"line":46,"column":2},"end":{"line":46,"column":2}}]},"5":{"line":69,"type":"if","locations":[{"start":{"line":69,"column":2},"end":{"line":69,"column":2}},{"start":{"line":69,"column":2},"end":{"line":69,"column":2}}]},"6":{"line":76,"type":"if","locations":[{"start":{"line":76,"column":2},"end":{"line":76,"column":2}},{"start":{"line":76,"column":2},"end":{"line":76,"column":2}}]}}}}